- Nikto v2.1.6
---------------------------------------------------------------------------
+ Target IP:          10.10.234.240
+ Target Hostname:    10.10.234.240
+ Target Port:        80
+ Start Time:         2020-10-07 00:28:16 (GMT-3)
---------------------------------------------------------------------------
+ Server: Apache/2.4.18 (Ubuntu)
+ The anti-clickjacking X-Frame-Options header is not present.
+ The X-XSS-Protection header is not defined. This header can hint to the user agent to protect against some forms of XSS
+ The X-Content-Type-Options header is not set. This could allow the user agent to render the content of the site in a different fashion to the MIME type
+ No CGI Directories found (use '-C all' to force check all possible dirs)
+ "robots.txt" contains 1 entry which should be manually viewed.
+ Apache/2.4.18 appears to be outdated (current is at least Apache/2.4.37). Apache 2.2.34 is the EOL for the 2.x branch.
+ Server may leak inodes via ETags, header found with file /, inode: 2c39, size: 5a9b87b015a4a, mtime: gzip
+ Allowed HTTP Methods: OPTIONS, GET, HEAD, POST 
+ OSVDB-3233: /icons/README: Apache default file found.
+ 7894 requests: 0 error(s) and 8 item(s) reported on remote host
+ End Time:           2020-10-07 01:00:27 (GMT-3) (1931 seconds)
---------------------------------------------------------------------------
+ 1 host(s) tested
